<?xml version="1.0" encoding="UTF-8"?>
<!-- Generated by org.testng.reporters.JUnitReportReporter -->
<testsuite hostname="LAPTOP-5HVVEL57" failures="0" tests="1" name="testsele" time="0.040" errors="0" timestamp="2024-02-18T19:38:45 IST" skipped="0">
  <testcase classname="testsele" name="closeManuallyOpenedBrowser" time="0.040"/>
  <system-out/>
</testsuite> <!-- testsele -->
