<?xml version="1.0" encoding="UTF-8"?>
<!-- Generated by org.testng.reporters.JUnitReportReporter -->
<testsuite hostname="LAPTOP-5HVVEL57" failures="0" tests="1" name="String.ReverseString" time="0.028" errors="0" timestamp="2023-12-07T17:59:57 IST" skipped="0">
  <testcase classname="String.ReverseString" name="reverse1" time="0.028"/>
  <system-out/>
</testsuite> <!-- String.ReverseString -->
