<?xml version="1.0" encoding="UTF-8"?>
<!-- Generated by org.testng.reporters.JUnitReportReporter -->
<testsuite hostname="LAPTOP-5HVVEL57" failures="0" tests="1" name="com.practice_Package.ReadDataFromTextFile" time="0.043" errors="0" timestamp="2024-01-09T13:30:51 IST" skipped="0">
  <testcase classname="com.practice_Package.ReadDataFromTextFile" name="readData" time="0.043"/>
  <system-out/>
</testsuite> <!-- com.practice_Package.ReadDataFromTextFile -->
