<?xml version="1.0" encoding="UTF-8"?>
<!-- Generated by org.testng.reporters.JUnitReportReporter -->
<testsuite hostname="LAPTOP-5HVVEL57" failures="0" tests="1" name="Test.SeleniumPrac" time="4.579" errors="0" timestamp="2024-02-01T18:04:42 IST" skipped="0">
  <testcase classname="Test.SeleniumPrac" name="executeWithoutSuite" time="4.579"/>
  <system-out/>
</testsuite> <!-- Test.SeleniumPrac -->
