<?xml version="1.0" encoding="UTF-8"?>
<!-- Generated by org.testng.reporters.JUnitReportReporter -->
<testsuite hostname="LAPTOP-5HVVEL57" failures="0" tests="1" name="Test.Amd" time="0.071" errors="0" timestamp="2024-02-15T14:58:01 IST" skipped="0">
  <testcase classname="Test.Amd" name="robo" time="0.071"/>
  <system-out/>
</testsuite> <!-- Test.Amd -->
