<?xml version="1.0" encoding="UTF-8"?>
<!-- Generated by org.testng.reporters.JUnitReportReporter -->
<testsuite hostname="LAPTOP-5HVVEL57" failures="0" tests="1" name="Test.BigBasket" time="32.661" errors="0" timestamp="2024-01-22T09:45:49 IST" skipped="0">
  <testcase classname="Test.BigBasket" name="watermelon" time="32.661"/>
  <system-out/>
</testsuite> <!-- Test.BigBasket -->
