<?xml version="1.0" encoding="UTF-8"?>
<!-- Generated by org.testng.reporters.JUnitReportReporter -->
<testsuite hostname="LAPTOP-5HVVEL57" failures="0" tests="1" name="Collection.ArraylistTest" time="0.028" errors="0" timestamp="2023-12-06T10:44:53 IST" skipped="0">
  <testcase classname="Collection.ArraylistTest" name="arrayl" time="0.028"/>
  <system-out/>
</testsuite> <!-- Collection.ArraylistTest -->
