<?xml version="1.0" encoding="UTF-8"?>
<!-- Generated by org.testng.reporters.JUnitReportReporter -->
<testsuite hostname="LAPTOP-5HVVEL57" failures="0" tests="1" name="String.StringProTest" time="0.022" errors="0" timestamp="2024-02-19T10:10:20 IST" skipped="0">
  <testcase classname="String.StringProTest" name="removeConsecutiveChar" time="0.022"/>
  <system-out/>
</testsuite> <!-- String.StringProTest -->
