<?xml version="1.0" encoding="UTF-8"?>
<!-- Generated by org.testng.reporters.JUnitReportReporter -->
<testsuite hostname="LAPTOP-5HVVEL57" failures="0" tests="1" name="String.OccuranceTest" time="0.013" errors="0" timestamp="2024-02-22T10:33:58 IST" skipped="0">
  <testcase classname="String.OccuranceTest" name="UniqueAsig1" time="0.013"/>
  <system-out/>
</testsuite> <!-- String.OccuranceTest -->
