<?xml version="1.0" encoding="UTF-8"?>
<!-- Generated by org.testng.reporters.JUnitReportReporter -->
<testsuite hostname="LAPTOP-5HVVEL57" failures="0" tests="1" name="Test.GoIbiboAutomate" time="66.273" errors="0" timestamp="2024-01-16T16:31:13 IST" skipped="0">
  <testcase classname="Test.GoIbiboAutomate" name="main1" time="66.273"/>
  <system-out/>
</testsuite> <!-- Test.GoIbiboAutomate -->
