<?xml version="1.0" encoding="UTF-8"?>
<!-- Generated by org.testng.reporters.JUnitReportReporter -->
<testsuite hostname="LAPTOP-5HVVEL57" failures="0" tests="1" name="Test.PumaFlipkart" time="9.687" errors="0" timestamp="2024-01-16T16:23:26 IST" skipped="0">
  <testcase classname="Test.PumaFlipkart" name="pumaShoes" time="9.687"/>
  <system-out/>
</testsuite> <!-- Test.PumaFlipkart -->
