<?xml version="1.0" encoding="UTF-8"?>
<!-- Generated by org.testng.reporters.JUnitReportReporter -->
<testsuite hostname="LAPTOP-5HVVEL57" failures="0" tests="1" name="Array.MinMaxNumTest" time="0.014" errors="0" timestamp="2024-01-22T09:55:49 IST" skipped="0">
  <testcase classname="Array.MinMaxNumTest" name="findFrequentyRepeatedInArray" time="0.014"/>
  <system-out/>
</testsuite> <!-- Array.MinMaxNumTest -->
