<?xml version="1.0" encoding="UTF-8"?>
<!-- Generated by org.testng.reporters.JUnitReportReporter -->
<testsuite hostname="LAPTOP-5HVVEL57" failures="0" tests="1" name="Test.Test1" time="0.013" errors="0" timestamp="2024-02-06T12:53:46 IST" skipped="0">
  <testcase classname="Test.Test1" name="anagram" time="0.013"/>
  <system-out/>
</testsuite> <!-- Test.Test1 -->
