<?xml version="1.0" encoding="UTF-8"?>
<!-- Generated by org.testng.reporters.JUnitReportReporter -->
<testsuite hostname="LAPTOP-5HVVEL57" failures="0" tests="1" name="Test.IRCTCTest" time="24.110" errors="0" timestamp="2024-01-23T13:09:50 IST" skipped="0">
  <testcase classname="Test.IRCTCTest" name="bookBusTicket" time="24.110"/>
  <system-out/>
</testsuite> <!-- Test.IRCTCTest -->
