<?xml version="1.0" encoding="UTF-8"?>
<!-- Generated by org.testng.reporters.JUnitReportReporter -->
<testsuite hostname="LAPTOP-5HVVEL57" failures="0" tests="1" name="com.practice_Package.BrokenImage" time="70.073" errors="0" timestamp="2024-01-10T10:24:30 IST" skipped="0">
  <testcase classname="com.practice_Package.BrokenImage" name="bImage" time="70.073"/>
  <system-out/>
</testsuite> <!-- com.practice_Package.BrokenImage -->
