<?xml version="1.0" encoding="UTF-8"?>
<!-- Generated by org.testng.reporters.JUnitReportReporter -->
<testsuite hostname="LAPTOP-5HVVEL57" failures="0" tests="1" name="Test.ClassTest" time="0.016" errors="0" timestamp="2024-02-26T13:35:22 IST" skipped="0">
  <testcase classname="Test.ClassTest" name="lastRepChar" time="0.016"/>
  <system-out/>
</testsuite> <!-- Test.ClassTest -->
