<?xml version="1.0" encoding="UTF-8"?>
<!-- Generated by org.testng.reporters.JUnitReportReporter -->
<testsuite hostname="LAPTOP-5HVVEL57" failures="0" tests="1" name="Number.NumberPro" time="0.025" errors="0" timestamp="2024-02-13T09:24:30 IST" skipped="0">
  <testcase classname="Number.NumberPro" name="countDigits" time="0.025"/>
  <system-out/>
</testsuite> <!-- Number.NumberPro -->
